<?xml version="1.0" encoding="UTF-8"?>
<!-- Generated by org.testng.reporters.JUnitXMLReporter -->
<testsuite ignored="0" hostname="DESKTOP-QSE44VU" failures="0" tests="19" name="Sanity" time="0.446" errors="0" timestamp="2023-03-16T17:42:34 IST">
  <testcase classname="com.icecrm_automation.Sample2" name="sample1Test1" time="0.033"/>
  <testcase classname="com.icecrm_automation.Sample1" name="Sample1Test1" time="0.065"/>
  <testcase classname="com.icecrm_automation.Sample1" name="sample1Test2" time="0.007"/>
  <testcase classname="com.icecrm_automation.Sample2" name="sample1Test2" time="0.043"/>
  <testcase classname="com.icecrm_automation.Sample1" name="sample1Test3" time="0.01"/>
  <testcase classname="com.icecrm_automation.Sample2" name="sample1Test3" time="0.012"/>
  <testcase classname="com.icecrm_automation.Sample1" name="sample1Test4" time="0.029"/>
  <testcase classname="com.icecrm_automation.Sample2" name="sample1Test4" time="0.004"/>
  <testcase classname="com.icecrm_automation.Sample3" name="sample3Test1" time="0.005"/>
  <testcase classname="com.icecrm_automation.Sample3" name="sample3Test2" time="0.003"/>
  <testcase classname="com.icecrm_automation.Sample3" name="sample3Test3" time="0.002"/>
  <testcase classname="com.icecrm_automation.Sample2" name="sample1Test5" time="0.004"/>
  <testcase classname="com.icecrm_automation.Sample4" name="sample4Test1" time="0.005"/>
  <testcase classname="com.icecrm_automation.Sample3" name="sample3Test4" time="0.014"/>
  <testcase classname="com.icecrm_automation.Sample4" name="sample4Test2" time="0.014"/>
  <testcase classname="com.icecrm_automation.Sample3" name="sample3Test5" time="0.003"/>
  <testcase classname="com.icecrm_automation.Sample4" name="sample4Test3" time="0.003"/>
  <testcase classname="com.icecrm_automation.Sample4" name="sample4Test4" time="0.003"/>
  <testcase classname="com.icecrm_automation.Sample4" name="sample4Test5" time="0.002"/>
</testsuite> <!-- Sanity -->
