<?xml version="1.0" encoding="UTF-8"?>
<!-- Generated by org.testng.reporters.JUnitXMLReporter -->
<testsuite ignored="0" hostname="DESKTOP-QSE44VU" failures="0" tests="5" name="Regression" time="0.283" errors="0" timestamp="2023-03-16T18:17:57 IST">
  <testcase classname="com.icecrm_automation.Sample2" name="sample1Test1" time="0.028"/>
  <testcase classname="com.icecrm_automation.Sample2" name="sample1Test2" time="0.053"/>
  <testcase classname="com.icecrm_automation.Sample2" name="sample1Test3" time="0.009"/>
  <testcase classname="com.icecrm_automation.Sample2" name="sample1Test4" time="0.003"/>
  <testcase classname="com.icecrm_automation.Sample2" name="sample1Test5" time="0.006"/>
</testsuite> <!-- Regression -->
