<?xml version="1.0" encoding="UTF-8"?>
<testng-results ignored="0" total="1" passed="1" failed="0" skipped="0">
  <reporter-output>
  </reporter-output>
  <suite started-at="2023-04-06T20:16:03 IST" name="Default suite" finished-at="2023-04-06T20:16:57 IST" duration-ms="53624">
    <groups>
    </groups>
    <test started-at="2023-04-06T20:16:03 IST" name="Default test" finished-at="2023-04-06T20:16:57 IST" duration-ms="53624">
      <class name="com.orangehrm_automation.FileUploadTest">
        <test-method is-config="true" signature="beforeclass()[pri:0, instance:com.orangehrm_automation.FileUploadTest@55634720]" started-at="2023-04-06T20:16:03 IST" name="beforeclass" finished-at="2023-04-06T20:16:15 IST" duration-ms="12053" status="PASS">
          <reporter-output>
          </reporter-output>
        </test-method> <!-- beforeclass -->
        <test-method signature="fileUpload()[pri:0, instance:com.orangehrm_automation.FileUploadTest@55634720]" started-at="2023-04-06T20:16:15 IST" name="fileUpload" finished-at="2023-04-06T20:16:57 IST" duration-ms="41482" status="PASS">
          <reporter-output>
          </reporter-output>
        </test-method> <!-- fileUpload -->
      </class> <!-- com.orangehrm_automation.FileUploadTest -->
    </test> <!-- Default test -->
  </suite> <!-- Default suite -->
</testng-results>
